<?xml version="1.0" encoding="UTF-8"?>
<!-- Generated by org.testng.reporters.JUnitXMLReporter -->
<testsuite hostname="DESKTOP-D78M4RB" ignored="0" name="Default test" tests="3" failures="0" timestamp="2020-12-31T00:18:09 IST" time="31.107" errors="0">
  <testcase name="sampleMethod" time="10.34" classname="testCases.TC1"/>
  <testcase name="sampleMethod2" time="9.267" classname="testCases.TC1"/>
  <testcase name="sampleMethod3" time="9.008" classname="testCases.TC1"/>
</testsuite> <!-- Default test -->
