<?xml version="1.0" encoding="UTF-8"?>
<!-- Generated by org.testng.reporters.JUnitXMLReporter -->
<testsuite hostname="DESKTOP-D78M4RB" ignored="0" name="Default test" tests="3" failures="0" timestamp="2021-01-05T21:33:05 IST" time="33.334" errors="0">
  <testcase name="sampleMethod" time="11.716" classname="testCases.TC1"/>
  <testcase name="sampleMethod2" time="9.327" classname="testCases.TC1"/>
  <testcase name="sampleMethod3" time="9.184" classname="testCases.TC1"/>
</testsuite> <!-- Default test -->
