<?xml version="1.0" encoding="UTF-8"?>
<!-- Generated by org.testng.reporters.JUnitXMLReporter -->
<testsuite hostname="DESKTOP-D78M4RB" ignored="0" name="Test" tests="3" failures="1" timestamp="2020-12-31T00:14:50 IST" time="32.623" errors="0">
  <testcase name="sampleMethod3" time="11.61" classname="testCases.TC1"/>
  <testcase name="sampleMethod" time="12.188" classname="testCases.TC1"/>
  <testcase name="sampleMethod2" time="31.276" classname="testCases.TC1">
    <failure type="java.lang.AssertionError">
      <![CDATA[java.lang.AssertionError
at utilities.AssertionErrorException.<init>(AssertionErrorException.java:17)
at pages.StartPage.getEmailandVerify(StartPage.java:66)
at testCases.TC1.sampleMethod2(TC1.java:46)
at java.util.concurrent.ThreadPoolExecutor.runWorker(Unknown Source)
at java.util.concurrent.ThreadPoolExecutor$Worker.run(Unknown Source)
at java.lang.Thread.run(Unknown Source)
... Removed 12 stack frames]]>
    </failure>
  </testcase> <!-- sampleMethod2 -->
</testsuite> <!-- Test -->
